<?xml version="1.0" encoding="UTF-8"?>
<!-- Generated by org.testng.reporters.JUnitXMLReporter -->
<testsuite ignored="1" hostname="FFE-Muskan" failures="0" tests="1" name="Test" time="8.851" errors="0" timestamp="2025-08-20T11:10:11 IST">
  <testcase classname="PractisingTestCases.PratisingAssertionMethods" name="sampleSoft" time="0.02"/>
  <testcase classname="PractisingTestCases.PratisingAssertionMethods" name="sample" time="0.0">
    <ignored/>
  </testcase> <!-- sample -->
</testsuite> <!-- Test -->
